app/build/intermediates/manifest_merge_blame_file/debug/manifest-merger-blame-debug-report.txt
1<?xml version="1.0" encoding="utf-8"?>
2<manifest xmlns:android="http://schemas.android.com/apk/res/android"
3    package="com.charlsgod.moviestest"
4    android:versionCode="1"
5    android:versionName="1.0" >
6
7    <uses-sdk
8        android:minSdkVersion="21"
8-->src\main\AndroidManifest.xml
9        android:targetSdkVersion="30" />
9-->src\main\AndroidManifest.xml
10
11    <uses-permission android:name="android.permission.INTERNET" />
11-->src\main\AndroidManifest.xml:5:5-66
11-->src\main\AndroidManifest.xml:5:22-64
12    <uses-permission android:name="android.permission.REORDER_TASKS" />
12-->[androidx.fragment:fragment-testing:1.2.5] AndroidManifest.xml:25:5-72
12-->[androidx.fragment:fragment-testing:1.2.5] AndroidManifest.xml:25:22-69
13
14    <application
14-->src\main\AndroidManifest.xml:6:5-29:19
15        android:name="com.charlsgod.moviestest.MoviesApp"
15-->src\main\AndroidManifest.xml:7:9-34
16        android:allowBackup="true"
16-->src\main\AndroidManifest.xml:8:9-35
17        android:appComponentFactory="androidx.core.app.CoreComponentFactory"
17-->[androidx.core:core:1.3.1] AndroidManifest.xml:24:18-86
18        android:debuggable="true"
19        android:fullBackupContent="true"
19-->src\main\AndroidManifest.xml:15:9-41
20        android:icon="@mipmap/ic_launcher"
20-->src\main\AndroidManifest.xml:10:9-43
21        android:label="@string/app_name"
21-->src\main\AndroidManifest.xml:11:9-41
22        android:roundIcon="@mipmap/ic_launcher_round"
22-->src\main\AndroidManifest.xml:12:9-54
23        android:supportsRtl="true"
23-->src\main\AndroidManifest.xml:13:9-35
24        android:theme="@style/MoviesAppTheme"
24-->src\main\AndroidManifest.xml:14:9-46
25        android:usesCleartextTraffic="true" >
25-->src\main\AndroidManifest.xml:9:9-44
26        <activity
26-->src\main\AndroidManifest.xml:16:9-25:20
27            android:name="com.charlsgod.moviestest.MainActivity"
27-->src\main\AndroidManifest.xml:17:13-41
28            android:exported="true"
28-->src\main\AndroidManifest.xml:20:13-36
29            android:label="@string/app_name"
29-->src\main\AndroidManifest.xml:18:13-45
30            android:theme="@style/MoviesAppTheme.NoActionBar" >
30-->src\main\AndroidManifest.xml:19:13-62
31            <intent-filter>
31-->src\main\AndroidManifest.xml:21:13-24:29
32                <action android:name="android.intent.action.MAIN" />
32-->src\main\AndroidManifest.xml:22:17-69
32-->src\main\AndroidManifest.xml:22:25-66
33
34                <category android:name="android.intent.category.LAUNCHER" />
34-->src\main\AndroidManifest.xml:23:17-77
34-->src\main\AndroidManifest.xml:23:27-74
35            </intent-filter>
36        </activity>
37
38        <meta-data
38-->src\main\AndroidManifest.xml:26:9-28:57
39            android:name="preloaded_fonts"
39-->src\main\AndroidManifest.xml:27:13-43
40            android:resource="@array/preloaded_fonts" />
40-->src\main\AndroidManifest.xml:28:13-54
41
42        <activity
42-->[androidx.fragment:fragment-testing:1.2.5] AndroidManifest.xml:28:9-37:20
43            android:name="androidx.fragment.app.testing.FragmentScenario$EmptyFragmentActivity"
43-->[androidx.fragment:fragment-testing:1.2.5] AndroidManifest.xml:29:13-96
44            android:exported="true"
44-->[androidx.fragment:fragment-testing:1.2.5] AndroidManifest.xml:30:13-36
45            android:multiprocess="true"
45-->[androidx.fragment:fragment-testing:1.2.5] AndroidManifest.xml:31:13-40
46            android:taskAffinity=""
46-->[androidx.fragment:fragment-testing:1.2.5] AndroidManifest.xml:32:13-36
47            android:theme="@style/FragmentScenarioEmptyFragmentActivityTheme" >
47-->[androidx.fragment:fragment-testing:1.2.5] AndroidManifest.xml:33:13-78
48            <intent-filter>
48-->[androidx.fragment:fragment-testing:1.2.5] AndroidManifest.xml:34:13-36:29
49                <action android:name="android.intent.action.MAIN" />
49-->src\main\AndroidManifest.xml:22:17-69
49-->src\main\AndroidManifest.xml:22:25-66
50            </intent-filter>
51        </activity>
52
53        <service
53-->[androidx.room:room-runtime:2.3.0-alpha02] AndroidManifest.xml:25:9-28:40
54            android:name="androidx.room.MultiInstanceInvalidationService"
54-->[androidx.room:room-runtime:2.3.0-alpha02] AndroidManifest.xml:26:13-74
55            android:directBootAware="true"
55-->[androidx.room:room-runtime:2.3.0-alpha02] AndroidManifest.xml:27:13-43
56            android:exported="false" />
56-->[androidx.room:room-runtime:2.3.0-alpha02] AndroidManifest.xml:28:13-37
57
58        <provider
58-->[androidx.lifecycle:lifecycle-process:2.2.0] AndroidManifest.xml:25:9-29:43
59            android:name="androidx.lifecycle.ProcessLifecycleOwnerInitializer"
59-->[androidx.lifecycle:lifecycle-process:2.2.0] AndroidManifest.xml:26:13-79
60            android:authorities="com.charlsgod.moviestest.lifecycle-process"
60-->[androidx.lifecycle:lifecycle-process:2.2.0] AndroidManifest.xml:27:13-69
61            android:exported="false"
61-->[androidx.lifecycle:lifecycle-process:2.2.0] AndroidManifest.xml:28:13-37
62            android:multiprocess="true" />
62-->[androidx.lifecycle:lifecycle-process:2.2.0] AndroidManifest.xml:29:13-40
63
64        <activity
64-->[androidx.test:core:1.2.0] AndroidManifest.xml:27:9-33:20
65            android:name="androidx.test.core.app.InstrumentationActivityInvoker$BootstrapActivity"
65-->[androidx.test:core:1.2.0] AndroidManifest.xml:28:13-99
66            android:theme="@android:style/Theme" >
66-->[androidx.test:core:1.2.0] AndroidManifest.xml:29:13-49
67            <intent-filter>
67-->[androidx.fragment:fragment-testing:1.2.5] AndroidManifest.xml:34:13-36:29
68                <action android:name="android.intent.action.MAIN" />
68-->src\main\AndroidManifest.xml:22:17-69
68-->src\main\AndroidManifest.xml:22:25-66
69            </intent-filter>
70        </activity>
71        <activity
71-->[androidx.test:core:1.2.0] AndroidManifest.xml:34:9-40:20
72            android:name="androidx.test.core.app.InstrumentationActivityInvoker$EmptyActivity"
72-->[androidx.test:core:1.2.0] AndroidManifest.xml:35:13-95
73            android:theme="@android:style/Theme" >
73-->[androidx.test:core:1.2.0] AndroidManifest.xml:36:13-49
74            <intent-filter>
74-->[androidx.fragment:fragment-testing:1.2.5] AndroidManifest.xml:34:13-36:29
75                <action android:name="android.intent.action.MAIN" />
75-->src\main\AndroidManifest.xml:22:17-69
75-->src\main\AndroidManifest.xml:22:25-66
76            </intent-filter>
77        </activity>
78        <activity
78-->[androidx.test:core:1.2.0] AndroidManifest.xml:41:9-47:20
79            android:name="androidx.test.core.app.InstrumentationActivityInvoker$EmptyFloatingActivity"
79-->[androidx.test:core:1.2.0] AndroidManifest.xml:42:13-103
80            android:theme="@android:style/Theme.Dialog" >
80-->[androidx.test:core:1.2.0] AndroidManifest.xml:43:13-56
81            <intent-filter>
81-->[androidx.fragment:fragment-testing:1.2.5] AndroidManifest.xml:34:13-36:29
82                <action android:name="android.intent.action.MAIN" />
82-->src\main\AndroidManifest.xml:22:17-69
82-->src\main\AndroidManifest.xml:22:25-66
83            </intent-filter>
84        </activity>
85    </application>
86
87</manifest>